Arguments: 
  C:\Program Files\nodejs\node.exe C:\Program Files (x86)\Yarn\bin\yarn.js add webpack webpack-cli webpack-dev-server webpack-merge --dev

PATH: 
  C:\Program Files (x86)\Common Files\Oracle\Java\javapath;C:\ProgramData\Oracle\Java\javapath;C:\Windows\system32;C:\Windows;C:\Windows\System32\Wbem;C:\Windows\System32\WindowsPowerShell\v1.0\;C:\Users\Dell\.dnx\bin;C:\Program Files\Microsoft DNX\Dnvm\;C:\Program Files\Microsoft SQL Server\120\Tools\Binn\;C:\Program Files\Git\cmd;C:\Program Files\Microsoft SQL Server\130\Tools\Binn\;C:\Program Files\TortoiseGit\bin;C:\Program Files\dotnet\;C:\Users\Dell\scoop\shims;C:\Users\Dell\AppData\Local\Microsoft\WindowsApps;C:\Program Files (x86)\Microsoft VS Code\bin;";C:\Users\Dell\AppData\Roaming\nvm;C:\Program Files\nodejs;D:\app\gnumake\;;C:\WINDOWS\system32;C:\WINDOWS;C:\WINDOWS\System32\Wbem;C:\WINDOWS\System32\WindowsPowerShell\v1.0\;C:\Program Files\nodejs\;C:\Program Files (x86)\Yarn\bin\";C:\Program Files\nodejs;C:\WINDOWS\System32\OpenSSH\;C:\Program Files\Microsoft SQL Server\110\DTS\Binn\;C:\Program Files (x86)\Microsoft SQL Server\110\Tools\Binn\;C:\Program Files\Microsoft SQL Server\110\Tools\Binn\;C:\Program Files (x86)\Microsoft SQL Server\110\Tools\Binn\ManagementStudio\;C:\Program Files (x86)\Microsoft Visual Studio 10.0\Common7\IDE\PrivateAssemblies\;C:\Program Files (x86)\Microsoft SQL Server\110\DTS\Binn\;C:\Program Files\Microsoft\Web Platform Installer\;C:\Program Files (x86)\Yarn\bin\;C:\Program Files\Java\jdk1.8.0_181\bin;C:\Users\Dell\AppData\Roaming\nvm;D:\Program Files\Python;C:\Program Files\Java\jdk1.8.0_181\jre\bin;C:\Program Files\Java\jdk1.8.0_181\lib\tools.jar;C:\Program Files\Java\jdk1.8.0_181\lib\dt.jar;C:\Users\Dell\AppData\Local\Android\Sdk;C:\Users\Dell\AppData\Roaming\npm;C:\Program Files\nodejs;C:\Program Files\MySQL\MySQL Server 8.0\bin;C:\Program Files\7-Zip;D:\software\sqlite\sqlite3.exe;C:\Program Files\Microsoft SQL Server\Client SDK\ODBC\170\Tools\Binn\;C:\Program Files (x86)\Microsoft SQL Server\150\Tools\Binn\;C:\Program Files\Microsoft SQL Server\150\Tools\Binn\;C:\Program Files\Microsoft SQL Server\150\DTS\Binn\;C:\Users\Dell\scoop\shims;C:\Users\Dell\AppData\Local\Microsoft\WindowsApps;C:\Program Files (x86)\Microsoft VS Code\bin;C:\Users\Dell\AppData\Local\Programs\Fiddler;D:\app\gnumake\;C:\Users\Dell\AppData\Local\Microsoft\WindowsApps;C:\Users\Dell\AppData\Roaming\npm;C:\Users\Dell\AppData\Roaming\nvm;C:\Program Files\nodejs;C:\Program Files\Microsoft VS Code\bin;C:\Program Files\nodejs;C:\Program Files (x86)\Yarn\bin;C:\Users\Dell\AppData\Local\Yarn\bin;C:\Users\Dell\AppData\Local\Programs\Microsoft VS Code\bin;C:\Program Files\nodejs;C:\Program Files\MySQL\MySQL Server 8.0\bin;D:\Program Files\WebStorm\bin;C:\Program Files\7-Zip;D:\software\sqlite\sqlite3.exe;C:\Users\Dell\AppData\Local\BypassRuntm

Yarn version: 
  1.9.4

Node version: 
  12.14.0

Platform: 
  win32 x64

Trace: 
  Error: https://registry.npmjs.org/watchpack/-/watchpack-1.6.1.tgz: ENOSPC: no space left on device, write

npm manifest: 
  {
    "name": "notify",
    "version": "1.0.0",
    "description": "消息通知组件",
    "main": "index.js",
    "scripts": {
      "test": "echo \"Error: no test specified\" && exit 1"
    },
    "author": "zhangyongfeng5350@gmail.com",
    "license": "MIT"
  }

yarn manifest: 
  No manifest

Lockfile: 
  No lockfile
